{
  "Cucumber Features": {
    "coverage": {
      "/home/saasbook/cs169/gp-taskmanagement/app/models/task.rb": [
        1,
        null
      ],
      "/home/saasbook/cs169/gp-taskmanagement/app/controllers/tasks_controller.rb": [
        1,
        1,
        null,
        null,
        null,
        1,
        8,
        null,
        null,
        null,
        null,
        1,
        null,
        null,
        null,
        1,
        1,
        null,
        null,
        null,
        1,
        null,
        null,
        null,
        null,
        1,
        1,
        null,
        1,
        1,
        2,
        1,
        null,
        0,
        0,
        null,
        null,
        null,
        null,
        null,
        null,
        1,
        1,
        1,
        2,
        1,
        null,
        0,
        0,
        null,
        null,
        null,
        null,
        null,
        null,
        1,
        1,
        1,
        2,
        1,
        null,
        null,
        null,
        1,
        null,
        1,
        5,
        null,
        null,
        null,
        1,
        2,
        null,
        null
      ],
      "/home/saasbook/cs169/gp-taskmanagement/app/controllers/application_controller.rb": [
        1,
        null,
        null,
        1,
        null
      ],
      "/home/saasbook/cs169/gp-taskmanagement/app/helpers/application_helper.rb": [
        1,
        null
      ],
      "/home/saasbook/cs169/gp-taskmanagement/app/helpers/tasks_helper.rb": [
        1,
        null
      ],
      "/home/saasbook/cs169/gp-taskmanagement/app/helpers/welcome_helper.rb": [
        1,
        null
      ]
    },
    "timestamp": 1382852943
  },
  "RSpec": {
    "coverage": {
      "/home/saasbook/cs169/gp-taskmanagement/app/helpers/application_helper.rb": [
        1,
        null
      ],
      "/home/saasbook/cs169/gp-taskmanagement/app/helpers/tasks_helper.rb": [
        1,
        null
      ],
      "/home/saasbook/cs169/gp-taskmanagement/app/helpers/welcome_helper.rb": [
        1,
        null
      ],
      "/home/saasbook/cs169/gp-taskmanagement/app/models/task.rb": [
        1,
        null
      ]
    },
    "timestamp": 1382853002
  }
}
